---------------------------------------------------------------
[2019-04-25T20:02:54+08:00] 192.168.211.1 OPTIONS www.fool-gb-shop.com/api/v1/user/login
[运行时间：0.085451s] [吞吐率：11.70req/s] [内存消耗：446.73kb] [文件加载：44]
[ info ] [ LANG ] /data/group_shop/thinkphp/lang/zh-cn.php
---------------------------------------------------------------
[2019-04-25T20:03:42+08:00] 192.168.211.1 OPTIONS www.fool-gb-shop.com/api/v1/user/login
[运行时间：0.010690s] [吞吐率：93.55req/s] [内存消耗：437.03kb] [文件加载：44]
[ info ] [ LANG ] /data/group_shop/thinkphp/lang/zh-cn.php
---------------------------------------------------------------
[2019-04-25T20:04:48+08:00] 192.168.211.1 OPTIONS www.fool-gb-shop.com/api/v1/user/login
[运行时间：0.011109s] [吞吐率：90.02req/s] [内存消耗：437.03kb] [文件加载：44]
[ info ] [ LANG ] /data/group_shop/thinkphp/lang/zh-cn.php
---------------------------------------------------------------
[2019-04-25T20:05:25+08:00] 192.168.211.1 OPTIONS www.fool-gb-shop.com/api/v1/user/login
[运行时间：0.008185s] [吞吐率：122.18req/s] [内存消耗：437.03kb] [文件加载：44]
[ info ] [ LANG ] /data/group_shop/thinkphp/lang/zh-cn.php
---------------------------------------------------------------
[2019-04-25T20:05:25+08:00] 192.168.211.1 POST www.fool-gb-shop.com/api/v1/user/login
[运行时间：0.207619s] [吞吐率：4.82req/s] [内存消耗：1,355.59kb] [文件加载：88]
[ info ] [ LANG ] /data/group_shop/thinkphp/lang/zh-cn.php
[ info ] [ ROUTE ] array (
  'rule' => 'api/<version>.user/login',
  'route' => 'api/:version.User/login',
  'option' => 
  array (
    'merge_rule_regex' => false,
  ),
  'var' => 
  array (
    'version' => 'v1',
  ),
)
[ info ] [ HEADER ] array (
  'host' => 'www.fool-gb-shop.com',
  'connection' => 'keep-alive',
  'content-length' => '41',
  'pragma' => 'no-cache',
  'cache-control' => 'no-cache',
  'accept' => 'application/json, text/plain, */*',
  'origin' => 'http://localhost:8080',
  'user-agent' => 'Mozilla/5.0 (iPhone; CPU iPhone OS 11_0 like Mac OS X) AppleWebKit/604.1.38 (KHTML, like Gecko) Version/11.0 Mobile/15A372 Safari/604.1',
  'content-type' => 'application/json;charset=UTF-8',
  'referer' => 'http://localhost:8080/login',
  'accept-encoding' => 'gzip, deflate',
  'accept-language' => 'zh-CN,zh;q=0.9,en;q=0.8',
)
[ info ] [ PARAM ] array (
  'username' => 'KBellX',
  'password' => '123456',
  'version' => 'v1',
)
[ info ] [ DB ] INIT mysql
[ sql ] [ DB ] CONNECT:[ UseTime:0.003402s ] mysql:host=127.0.0.1;dbname=group_buy_shop;charset=utf8
[ sql ] [ SQL ] SHOW COLUMNS FROM `gb_user` [ RunTime:0.014138s ]
[ sql ] [ SQL ] SELECT * FROM `gb_user` WHERE  `data_state` = 1  AND `username` = 'KBellX' LIMIT 1 [ RunTime:0.005429s ]
[ sql ] [ SQL ] SHOW COLUMNS FROM `gb_user_token` [ RunTime:0.001377s ]
[ sql ] [ SQL ] SELECT * FROM `gb_user_token` WHERE  `data_state` = 1  AND `user_id` = 2 LIMIT 1 [ RunTime:0.000967s ]
[ sql ] [ SQL ] UPDATE `gb_user_token`  SET `token` = '48c0cfb82a3975c8eb39c0c8a8d57553' , `refresh_token` = '6b439e1478ce390163ccffef3ac3fa13' , `update_at` = '2019-04-25 20:05:25.000000'  WHERE  `id` = 2 [ RunTime:0.002417s ]
---------------------------------------------------------------
[2019-04-25T20:05:25+08:00] 192.168.211.1 OPTIONS www.fool-gb-shop.com/api/v1/user
[运行时间：0.005744s] [吞吐率：174.10req/s] [内存消耗：437.06kb] [文件加载：44]
[ info ] [ LANG ] /data/group_shop/thinkphp/lang/zh-cn.php
---------------------------------------------------------------
[2019-04-25T20:05:25+08:00] 192.168.211.1 GET www.fool-gb-shop.com/api/v1/user
[运行时间：0.021040s] [吞吐率：47.53req/s] [内存消耗：1,221.09kb] [文件加载：83]
[ info ] [ LANG ] /data/group_shop/thinkphp/lang/zh-cn.php
[ info ] [ ROUTE ] array (
  'rule' => 'api/<version>.user',
  'route' => 'api/:version.User/read',
  'option' => 
  array (
    'merge_rule_regex' => false,
    'complete_match' => true,
  ),
  'var' => 
  array (
    'version' => 'v1',
  ),
)
[ info ] [ HEADER ] array (
  'host' => 'www.fool-gb-shop.com',
  'connection' => 'keep-alive',
  'pragma' => 'no-cache',
  'cache-control' => 'no-cache',
  'accept' => 'application/json, text/plain, */*',
  'origin' => 'http://localhost:8080',
  'user-agent' => 'Mozilla/5.0 (iPhone; CPU iPhone OS 11_0 like Mac OS X) AppleWebKit/604.1.38 (KHTML, like Gecko) Version/11.0 Mobile/15A372 Safari/604.1',
  'token' => '48c0cfb82a3975c8eb39c0c8a8d57553',
  'referer' => 'http://localhost:8080/user',
  'accept-encoding' => 'gzip, deflate',
  'accept-language' => 'zh-CN,zh;q=0.9,en;q=0.8',
  'content-type' => '',
  'content-length' => '',
)
[ info ] [ PARAM ] array (
  'version' => 'v1',
)
[ info ] [ DB ] INIT mysql
[ sql ] [ DB ] CONNECT:[ UseTime:0.000700s ] mysql:host=127.0.0.1;dbname=group_buy_shop;charset=utf8
[ sql ] [ SQL ] SHOW COLUMNS FROM `gb_user_token` [ RunTime:0.001742s ]
[ sql ] [ SQL ] SELECT * FROM `gb_user_token` WHERE  `data_state` = 1  AND `token` = '48c0cfb82a3975c8eb39c0c8a8d57553' LIMIT 1 [ RunTime:0.000706s ]
[ sql ] [ SQL ] SHOW COLUMNS FROM `gb_user` [ RunTime:0.001078s ]
[ sql ] [ SQL ] SELECT `nickname`,`avatar`,`mobile`,`email` FROM `gb_user` WHERE  `data_state` = 1  AND `id` = 2 LIMIT 1 [ RunTime:0.000725s ]
---------------------------------------------------------------
[2019-04-25T20:05:35+08:00] 192.168.211.1 OPTIONS www.fool-gb-shop.com/api/v1/user
[运行时间：0.005603s] [吞吐率：178.48req/s] [内存消耗：437.02kb] [文件加载：44]
[ info ] [ LANG ] /data/group_shop/thinkphp/lang/zh-cn.php
---------------------------------------------------------------
[2019-04-25T20:05:35+08:00] 192.168.211.1 GET www.fool-gb-shop.com/api/v1/user
[运行时间：0.024717s] [吞吐率：40.46req/s] [内存消耗：1,221.09kb] [文件加载：83]
[ info ] [ LANG ] /data/group_shop/thinkphp/lang/zh-cn.php
[ info ] [ ROUTE ] array (
  'rule' => 'api/<version>.user',
  'route' => 'api/:version.User/read',
  'option' => 
  array (
    'merge_rule_regex' => false,
    'complete_match' => true,
  ),
  'var' => 
  array (
    'version' => 'v1',
  ),
)
[ info ] [ HEADER ] array (
  'host' => 'www.fool-gb-shop.com',
  'connection' => 'keep-alive',
  'pragma' => 'no-cache',
  'cache-control' => 'no-cache',
  'accept' => 'application/json, text/plain, */*',
  'origin' => 'http://localhost:8080',
  'user-agent' => 'Mozilla/5.0 (iPhone; CPU iPhone OS 11_0 like Mac OS X) AppleWebKit/604.1.38 (KHTML, like Gecko) Version/11.0 Mobile/15A372 Safari/604.1',
  'token' => '48c0cfb82a3975c8eb39c0c8a8d57553',
  'referer' => 'http://localhost:8080/user',
  'accept-encoding' => 'gzip, deflate',
  'accept-language' => 'zh-CN,zh;q=0.9,en;q=0.8',
  'content-type' => '',
  'content-length' => '',
)
[ info ] [ PARAM ] array (
  'version' => 'v1',
)
[ info ] [ DB ] INIT mysql
[ sql ] [ DB ] CONNECT:[ UseTime:0.000971s ] mysql:host=127.0.0.1;dbname=group_buy_shop;charset=utf8
[ sql ] [ SQL ] SHOW COLUMNS FROM `gb_user_token` [ RunTime:0.001061s ]
[ sql ] [ SQL ] SELECT * FROM `gb_user_token` WHERE  `data_state` = 1  AND `token` = '48c0cfb82a3975c8eb39c0c8a8d57553' LIMIT 1 [ RunTime:0.000484s ]
[ sql ] [ SQL ] SHOW COLUMNS FROM `gb_user` [ RunTime:0.000737s ]
[ sql ] [ SQL ] SELECT `nickname`,`avatar`,`mobile`,`email` FROM `gb_user` WHERE  `data_state` = 1  AND `id` = 2 LIMIT 1 [ RunTime:0.000299s ]
---------------------------------------------------------------
[2019-04-25T20:06:06+08:00] 192.168.211.1 OPTIONS www.fool-gb-shop.com/api/v1/user/login
[运行时间：0.008226s] [吞吐率：121.57req/s] [内存消耗：437.05kb] [文件加载：44]
[ info ] [ LANG ] /data/group_shop/thinkphp/lang/zh-cn.php
---------------------------------------------------------------
[2019-04-25T20:06:06+08:00] 192.168.211.1 POST www.fool-gb-shop.com/api/v1/user/login
[运行时间：0.076490s] [吞吐率：13.07req/s] [内存消耗：1,339.56kb] [文件加载：88]
[ info ] [ LANG ] /data/group_shop/thinkphp/lang/zh-cn.php
[ info ] [ ROUTE ] array (
  'rule' => 'api/<version>.user/login',
  'route' => 'api/:version.User/login',
  'option' => 
  array (
    'merge_rule_regex' => false,
  ),
  'var' => 
  array (
    'version' => 'v1',
  ),
)
[ info ] [ HEADER ] array (
  'host' => 'www.fool-gb-shop.com',
  'connection' => 'keep-alive',
  'content-length' => '41',
  'pragma' => 'no-cache',
  'cache-control' => 'no-cache',
  'accept' => 'application/json, text/plain, */*',
  'origin' => 'http://localhost:8080',
  'user-agent' => 'Mozilla/5.0 (iPhone; CPU iPhone OS 11_0 like Mac OS X) AppleWebKit/604.1.38 (KHTML, like Gecko) Version/11.0 Mobile/15A372 Safari/604.1',
  'content-type' => 'application/json;charset=UTF-8',
  'referer' => 'http://localhost:8080/login?redirect=%2Fhome%3Fa%3Db',
  'accept-encoding' => 'gzip, deflate',
  'accept-language' => 'zh-CN,zh;q=0.9,en;q=0.8',
)
[ info ] [ PARAM ] array (
  'username' => 'KBellX',
  'password' => '123456',
  'version' => 'v1',
)
[ info ] [ DB ] INIT mysql
[ sql ] [ DB ] CONNECT:[ UseTime:0.000499s ] mysql:host=127.0.0.1;dbname=group_buy_shop;charset=utf8
[ sql ] [ SQL ] SHOW COLUMNS FROM `gb_user` [ RunTime:0.001016s ]
[ sql ] [ SQL ] SELECT * FROM `gb_user` WHERE  `data_state` = 1  AND `username` = 'KBellX' LIMIT 1 [ RunTime:0.000412s ]
[ sql ] [ SQL ] SHOW COLUMNS FROM `gb_user_token` [ RunTime:0.000557s ]
[ sql ] [ SQL ] SELECT * FROM `gb_user_token` WHERE  `data_state` = 1  AND `user_id` = 2 LIMIT 1 [ RunTime:0.000421s ]
[ sql ] [ SQL ] UPDATE `gb_user_token`  SET `token` = '23964fe27253b3319378948bdd7bef79' , `refresh_token` = '8f75d2b71d9205708e81dc748508261f' , `update_at` = '2019-04-25 20:06:06.000000'  WHERE  `id` = 2 [ RunTime:0.000339s ]
---------------------------------------------------------------
[2019-04-25T20:07:12+08:00] 192.168.211.1 OPTIONS www.fool-gb-shop.com/api/v1/user
[运行时间：0.004908s] [吞吐率：203.76req/s] [内存消耗：437.02kb] [文件加载：44]
[ info ] [ LANG ] /data/group_shop/thinkphp/lang/zh-cn.php
---------------------------------------------------------------
[2019-04-25T20:07:12+08:00] 192.168.211.1 GET www.fool-gb-shop.com/api/v1/user
[运行时间：0.019314s] [吞吐率：51.78req/s] [内存消耗：1,221.09kb] [文件加载：83]
[ info ] [ LANG ] /data/group_shop/thinkphp/lang/zh-cn.php
[ info ] [ ROUTE ] array (
  'rule' => 'api/<version>.user',
  'route' => 'api/:version.User/read',
  'option' => 
  array (
    'merge_rule_regex' => false,
    'complete_match' => true,
  ),
  'var' => 
  array (
    'version' => 'v1',
  ),
)
[ info ] [ HEADER ] array (
  'host' => 'www.fool-gb-shop.com',
  'connection' => 'keep-alive',
  'pragma' => 'no-cache',
  'cache-control' => 'no-cache',
  'accept' => 'application/json, text/plain, */*',
  'origin' => 'http://localhost:8080',
  'user-agent' => 'Mozilla/5.0 (iPhone; CPU iPhone OS 11_0 like Mac OS X) AppleWebKit/604.1.38 (KHTML, like Gecko) Version/11.0 Mobile/15A372 Safari/604.1',
  'token' => '23964fe27253b3319378948bdd7bef79',
  'referer' => 'http://localhost:8080/user',
  'accept-encoding' => 'gzip, deflate',
  'accept-language' => 'zh-CN,zh;q=0.9,en;q=0.8',
  'content-type' => '',
  'content-length' => '',
)
[ info ] [ PARAM ] array (
  'version' => 'v1',
)
[ info ] [ DB ] INIT mysql
[ sql ] [ DB ] CONNECT:[ UseTime:0.000747s ] mysql:host=127.0.0.1;dbname=group_buy_shop;charset=utf8
[ sql ] [ SQL ] SHOW COLUMNS FROM `gb_user_token` [ RunTime:0.000819s ]
[ sql ] [ SQL ] SELECT * FROM `gb_user_token` WHERE  `data_state` = 1  AND `token` = '23964fe27253b3319378948bdd7bef79' LIMIT 1 [ RunTime:0.000759s ]
[ sql ] [ SQL ] SHOW COLUMNS FROM `gb_user` [ RunTime:0.000717s ]
[ sql ] [ SQL ] SELECT `nickname`,`avatar`,`mobile`,`email` FROM `gb_user` WHERE  `data_state` = 1  AND `id` = 2 LIMIT 1 [ RunTime:0.000375s ]
---------------------------------------------------------------
[2019-04-25T20:07:36+08:00] 192.168.211.1 OPTIONS www.fool-gb-shop.com/api/v1/user
[运行时间：0.005983s] [吞吐率：167.14req/s] [内存消耗：437.02kb] [文件加载：44]
[ info ] [ LANG ] /data/group_shop/thinkphp/lang/zh-cn.php
---------------------------------------------------------------
[2019-04-25T20:07:36+08:00] 192.168.211.1 GET www.fool-gb-shop.com/api/v1/user
[运行时间：0.018812s] [吞吐率：53.16req/s] [内存消耗：1,221.09kb] [文件加载：83]
[ info ] [ LANG ] /data/group_shop/thinkphp/lang/zh-cn.php
[ info ] [ ROUTE ] array (
  'rule' => 'api/<version>.user',
  'route' => 'api/:version.User/read',
  'option' => 
  array (
    'merge_rule_regex' => false,
    'complete_match' => true,
  ),
  'var' => 
  array (
    'version' => 'v1',
  ),
)
[ info ] [ HEADER ] array (
  'host' => 'www.fool-gb-shop.com',
  'connection' => 'keep-alive',
  'pragma' => 'no-cache',
  'cache-control' => 'no-cache',
  'accept' => 'application/json, text/plain, */*',
  'origin' => 'http://localhost:8080',
  'user-agent' => 'Mozilla/5.0 (iPhone; CPU iPhone OS 11_0 like Mac OS X) AppleWebKit/604.1.38 (KHTML, like Gecko) Version/11.0 Mobile/15A372 Safari/604.1',
  'token' => '23964fe27253b3319378948bdd7bef79',
  'referer' => 'http://localhost:8080/user',
  'accept-encoding' => 'gzip, deflate',
  'accept-language' => 'zh-CN,zh;q=0.9,en;q=0.8',
  'content-type' => '',
  'content-length' => '',
)
[ info ] [ PARAM ] array (
  'version' => 'v1',
)
[ info ] [ DB ] INIT mysql
[ sql ] [ DB ] CONNECT:[ UseTime:0.000461s ] mysql:host=127.0.0.1;dbname=group_buy_shop;charset=utf8
[ sql ] [ SQL ] SHOW COLUMNS FROM `gb_user_token` [ RunTime:0.000753s ]
[ sql ] [ SQL ] SELECT * FROM `gb_user_token` WHERE  `data_state` = 1  AND `token` = '23964fe27253b3319378948bdd7bef79' LIMIT 1 [ RunTime:0.000747s ]
[ sql ] [ SQL ] SHOW COLUMNS FROM `gb_user` [ RunTime:0.001154s ]
[ sql ] [ SQL ] SELECT `nickname`,`avatar`,`mobile`,`email` FROM `gb_user` WHERE  `data_state` = 1  AND `id` = 2 LIMIT 1 [ RunTime:0.000566s ]
---------------------------------------------------------------
[2019-04-25T20:09:36+08:00] 192.168.211.1 OPTIONS www.fool-gb-shop.com/api/v1/user
[运行时间：0.005697s] [吞吐率：175.53req/s] [内存消耗：437.02kb] [文件加载：44]
[ info ] [ LANG ] /data/group_shop/thinkphp/lang/zh-cn.php
---------------------------------------------------------------
[2019-04-25T20:09:36+08:00] 192.168.211.1 GET www.fool-gb-shop.com/api/v1/user
[运行时间：0.021563s] [吞吐率：46.38req/s] [内存消耗：1,221.09kb] [文件加载：83]
[ info ] [ LANG ] /data/group_shop/thinkphp/lang/zh-cn.php
[ info ] [ ROUTE ] array (
  'rule' => 'api/<version>.user',
  'route' => 'api/:version.User/read',
  'option' => 
  array (
    'merge_rule_regex' => false,
    'complete_match' => true,
  ),
  'var' => 
  array (
    'version' => 'v1',
  ),
)
[ info ] [ HEADER ] array (
  'host' => 'www.fool-gb-shop.com',
  'connection' => 'keep-alive',
  'pragma' => 'no-cache',
  'cache-control' => 'no-cache',
  'accept' => 'application/json, text/plain, */*',
  'origin' => 'http://localhost:8080',
  'user-agent' => 'Mozilla/5.0 (iPhone; CPU iPhone OS 11_0 like Mac OS X) AppleWebKit/604.1.38 (KHTML, like Gecko) Version/11.0 Mobile/15A372 Safari/604.1',
  'token' => '23964fe27253b3319378948bdd7bef79',
  'referer' => 'http://localhost:8080/user',
  'accept-encoding' => 'gzip, deflate',
  'accept-language' => 'zh-CN,zh;q=0.9,en;q=0.8',
  'content-type' => '',
  'content-length' => '',
)
[ info ] [ PARAM ] array (
  'version' => 'v1',
)
[ info ] [ DB ] INIT mysql
[ sql ] [ DB ] CONNECT:[ UseTime:0.000903s ] mysql:host=127.0.0.1;dbname=group_buy_shop;charset=utf8
[ sql ] [ SQL ] SHOW COLUMNS FROM `gb_user_token` [ RunTime:0.001347s ]
[ sql ] [ SQL ] SELECT * FROM `gb_user_token` WHERE  `data_state` = 1  AND `token` = '23964fe27253b3319378948bdd7bef79' LIMIT 1 [ RunTime:0.000866s ]
[ sql ] [ SQL ] SHOW COLUMNS FROM `gb_user` [ RunTime:0.000664s ]
[ sql ] [ SQL ] SELECT `nickname`,`avatar`,`mobile`,`email` FROM `gb_user` WHERE  `data_state` = 1  AND `id` = 2 LIMIT 1 [ RunTime:0.000757s ]
---------------------------------------------------------------
[2019-04-25T20:09:51+08:00] 192.168.211.1 OPTIONS www.fool-gb-shop.com/api/v1/user
[运行时间：0.004331s] [吞吐率：230.90req/s] [内存消耗：437.05kb] [文件加载：44]
[ info ] [ LANG ] /data/group_shop/thinkphp/lang/zh-cn.php
---------------------------------------------------------------
[2019-04-25T20:09:51+08:00] 192.168.211.1 GET www.fool-gb-shop.com/api/v1/user
[运行时间：0.017024s] [吞吐率：58.74req/s] [内存消耗：1,221.02kb] [文件加载：83]
[ info ] [ LANG ] /data/group_shop/thinkphp/lang/zh-cn.php
[ info ] [ ROUTE ] array (
  'rule' => 'api/<version>.user',
  'route' => 'api/:version.User/read',
  'option' => 
  array (
    'merge_rule_regex' => false,
    'complete_match' => true,
  ),
  'var' => 
  array (
    'version' => 'v1',
  ),
)
[ info ] [ HEADER ] array (
  'host' => 'www.fool-gb-shop.com',
  'connection' => 'keep-alive',
  'pragma' => 'no-cache',
  'cache-control' => 'no-cache',
  'accept' => 'application/json, text/plain, */*',
  'origin' => 'http://localhost:8080',
  'user-agent' => 'Mozilla/5.0 (iPhone; CPU iPhone OS 11_0 like Mac OS X) AppleWebKit/604.1.38 (KHTML, like Gecko) Version/11.0 Mobile/15A372 Safari/604.1',
  'token' => '23964fe27253b3319378948bdd7bef79',
  'referer' => 'http://localhost:8080/user?plan=private',
  'accept-encoding' => 'gzip, deflate',
  'accept-language' => 'zh-CN,zh;q=0.9,en;q=0.8',
  'content-type' => '',
  'content-length' => '',
)
[ info ] [ PARAM ] array (
  'version' => 'v1',
)
[ info ] [ DB ] INIT mysql
[ sql ] [ DB ] CONNECT:[ UseTime:0.000544s ] mysql:host=127.0.0.1;dbname=group_buy_shop;charset=utf8
[ sql ] [ SQL ] SHOW COLUMNS FROM `gb_user_token` [ RunTime:0.000702s ]
[ sql ] [ SQL ] SELECT * FROM `gb_user_token` WHERE  `data_state` = 1  AND `token` = '23964fe27253b3319378948bdd7bef79' LIMIT 1 [ RunTime:0.000444s ]
[ sql ] [ SQL ] SHOW COLUMNS FROM `gb_user` [ RunTime:0.000674s ]
[ sql ] [ SQL ] SELECT `nickname`,`avatar`,`mobile`,`email` FROM `gb_user` WHERE  `data_state` = 1  AND `id` = 2 LIMIT 1 [ RunTime:0.000343s ]
---------------------------------------------------------------
[2019-04-25T20:10:02+08:00] 192.168.211.1 OPTIONS www.fool-gb-shop.com/api/v1/user
[运行时间：0.002540s] [吞吐率：393.72req/s] [内存消耗：437.05kb] [文件加载：44]
[ info ] [ LANG ] /data/group_shop/thinkphp/lang/zh-cn.php
---------------------------------------------------------------
[2019-04-25T20:10:02+08:00] 192.168.211.1 GET www.fool-gb-shop.com/api/v1/user
[运行时间：0.009335s] [吞吐率：107.12req/s] [内存消耗：1,221.02kb] [文件加载：83]
[ info ] [ LANG ] /data/group_shop/thinkphp/lang/zh-cn.php
[ info ] [ ROUTE ] array (
  'rule' => 'api/<version>.user',
  'route' => 'api/:version.User/read',
  'option' => 
  array (
    'merge_rule_regex' => false,
    'complete_match' => true,
  ),
  'var' => 
  array (
    'version' => 'v1',
  ),
)
[ info ] [ HEADER ] array (
  'host' => 'www.fool-gb-shop.com',
  'connection' => 'keep-alive',
  'pragma' => 'no-cache',
  'cache-control' => 'no-cache',
  'accept' => 'application/json, text/plain, */*',
  'origin' => 'http://localhost:8080',
  'user-agent' => 'Mozilla/5.0 (iPhone; CPU iPhone OS 11_0 like Mac OS X) AppleWebKit/604.1.38 (KHTML, like Gecko) Version/11.0 Mobile/15A372 Safari/604.1',
  'token' => '23964fe27253b3319378948bdd7bef79',
  'referer' => 'http://localhost:8080/user?plan=private',
  'accept-encoding' => 'gzip, deflate',
  'accept-language' => 'zh-CN,zh;q=0.9,en;q=0.8',
  'content-type' => '',
  'content-length' => '',
)
[ info ] [ PARAM ] array (
  'version' => 'v1',
)
[ info ] [ DB ] INIT mysql
[ sql ] [ DB ] CONNECT:[ UseTime:0.000543s ] mysql:host=127.0.0.1;dbname=group_buy_shop;charset=utf8
[ sql ] [ SQL ] SHOW COLUMNS FROM `gb_user_token` [ RunTime:0.000435s ]
[ sql ] [ SQL ] SELECT * FROM `gb_user_token` WHERE  `data_state` = 1  AND `token` = '23964fe27253b3319378948bdd7bef79' LIMIT 1 [ RunTime:0.000271s ]
[ sql ] [ SQL ] SHOW COLUMNS FROM `gb_user` [ RunTime:0.000395s ]
[ sql ] [ SQL ] SELECT `nickname`,`avatar`,`mobile`,`email` FROM `gb_user` WHERE  `data_state` = 1  AND `id` = 2 LIMIT 1 [ RunTime:0.000299s ]
---------------------------------------------------------------
[2019-04-25T20:10:05+08:00] 192.168.211.1 OPTIONS www.fool-gb-shop.com/api/v1/user
[运行时间：0.004325s] [吞吐率：231.22req/s] [内存消耗：437.05kb] [文件加载：44]
[ info ] [ LANG ] /data/group_shop/thinkphp/lang/zh-cn.php
---------------------------------------------------------------
[2019-04-25T20:10:05+08:00] 192.168.211.1 GET www.fool-gb-shop.com/api/v1/user
[运行时间：0.019080s] [吞吐率：52.41req/s] [内存消耗：1,221.02kb] [文件加载：83]
[ info ] [ LANG ] /data/group_shop/thinkphp/lang/zh-cn.php
[ info ] [ ROUTE ] array (
  'rule' => 'api/<version>.user',
  'route' => 'api/:version.User/read',
  'option' => 
  array (
    'merge_rule_regex' => false,
    'complete_match' => true,
  ),
  'var' => 
  array (
    'version' => 'v1',
  ),
)
[ info ] [ HEADER ] array (
  'host' => 'www.fool-gb-shop.com',
  'connection' => 'keep-alive',
  'pragma' => 'no-cache',
  'cache-control' => 'no-cache',
  'accept' => 'application/json, text/plain, */*',
  'origin' => 'http://localhost:8080',
  'user-agent' => 'Mozilla/5.0 (iPhone; CPU iPhone OS 11_0 like Mac OS X) AppleWebKit/604.1.38 (KHTML, like Gecko) Version/11.0 Mobile/15A372 Safari/604.1',
  'token' => '23964fe27253b3319378948bdd7bef79',
  'referer' => 'http://localhost:8080/user?plan=private',
  'accept-encoding' => 'gzip, deflate',
  'accept-language' => 'zh-CN,zh;q=0.9,en;q=0.8',
  'content-type' => '',
  'content-length' => '',
)
[ info ] [ PARAM ] array (
  'version' => 'v1',
)
[ info ] [ DB ] INIT mysql
[ sql ] [ DB ] CONNECT:[ UseTime:0.000872s ] mysql:host=127.0.0.1;dbname=group_buy_shop;charset=utf8
[ sql ] [ SQL ] SHOW COLUMNS FROM `gb_user_token` [ RunTime:0.000703s ]
[ sql ] [ SQL ] SELECT * FROM `gb_user_token` WHERE  `data_state` = 1  AND `token` = '23964fe27253b3319378948bdd7bef79' LIMIT 1 [ RunTime:0.000466s ]
[ sql ] [ SQL ] SHOW COLUMNS FROM `gb_user` [ RunTime:0.000704s ]
[ sql ] [ SQL ] SELECT `nickname`,`avatar`,`mobile`,`email` FROM `gb_user` WHERE  `data_state` = 1  AND `id` = 2 LIMIT 1 [ RunTime:0.000341s ]
---------------------------------------------------------------
[2019-04-25T20:13:14+08:00] 192.168.211.1 OPTIONS www.fool-gb-shop.com/api/v1/user
[运行时间：0.005477s] [吞吐率：182.58req/s] [内存消耗：437.05kb] [文件加载：44]
[ info ] [ LANG ] /data/group_shop/thinkphp/lang/zh-cn.php
---------------------------------------------------------------
[2019-04-25T20:13:14+08:00] 192.168.211.1 GET www.fool-gb-shop.com/api/v1/user
[运行时间：0.016271s] [吞吐率：61.46req/s] [内存消耗：1,221.02kb] [文件加载：83]
[ info ] [ LANG ] /data/group_shop/thinkphp/lang/zh-cn.php
[ info ] [ ROUTE ] array (
  'rule' => 'api/<version>.user',
  'route' => 'api/:version.User/read',
  'option' => 
  array (
    'merge_rule_regex' => false,
    'complete_match' => true,
  ),
  'var' => 
  array (
    'version' => 'v1',
  ),
)
[ info ] [ HEADER ] array (
  'host' => 'www.fool-gb-shop.com',
  'connection' => 'keep-alive',
  'pragma' => 'no-cache',
  'cache-control' => 'no-cache',
  'accept' => 'application/json, text/plain, */*',
  'origin' => 'http://localhost:8080',
  'user-agent' => 'Mozilla/5.0 (iPhone; CPU iPhone OS 11_0 like Mac OS X) AppleWebKit/604.1.38 (KHTML, like Gecko) Version/11.0 Mobile/15A372 Safari/604.1',
  'token' => '23964fe27253b3319378948bdd7bef79',
  'referer' => 'http://localhost:8080/user?plan=private',
  'accept-encoding' => 'gzip, deflate',
  'accept-language' => 'zh-CN,zh;q=0.9,en;q=0.8',
  'content-type' => '',
  'content-length' => '',
)
[ info ] [ PARAM ] array (
  'version' => 'v1',
)
[ info ] [ DB ] INIT mysql
[ sql ] [ DB ] CONNECT:[ UseTime:0.001103s ] mysql:host=127.0.0.1;dbname=group_buy_shop;charset=utf8
[ sql ] [ SQL ] SHOW COLUMNS FROM `gb_user_token` [ RunTime:0.001400s ]
[ sql ] [ SQL ] SELECT * FROM `gb_user_token` WHERE  `data_state` = 1  AND `token` = '23964fe27253b3319378948bdd7bef79' LIMIT 1 [ RunTime:0.000638s ]
[ sql ] [ SQL ] SHOW COLUMNS FROM `gb_user` [ RunTime:0.000830s ]
[ sql ] [ SQL ] SELECT `nickname`,`avatar`,`mobile`,`email` FROM `gb_user` WHERE  `data_state` = 1  AND `id` = 2 LIMIT 1 [ RunTime:0.000321s ]
---------------------------------------------------------------
[2019-04-25T20:13:25+08:00] 192.168.211.1 OPTIONS www.fool-gb-shop.com/api/v1/user
[运行时间：0.004965s] [吞吐率：201.41req/s] [内存消耗：437.05kb] [文件加载：44]
[ info ] [ LANG ] /data/group_shop/thinkphp/lang/zh-cn.php
---------------------------------------------------------------
[2019-04-25T20:13:25+08:00] 192.168.211.1 GET www.fool-gb-shop.com/api/v1/user
[运行时间：0.016501s] [吞吐率：60.60req/s] [内存消耗：1,221.02kb] [文件加载：83]
[ info ] [ LANG ] /data/group_shop/thinkphp/lang/zh-cn.php
[ info ] [ ROUTE ] array (
  'rule' => 'api/<version>.user',
  'route' => 'api/:version.User/read',
  'option' => 
  array (
    'merge_rule_regex' => false,
    'complete_match' => true,
  ),
  'var' => 
  array (
    'version' => 'v1',
  ),
)
[ info ] [ HEADER ] array (
  'host' => 'www.fool-gb-shop.com',
  'connection' => 'keep-alive',
  'pragma' => 'no-cache',
  'cache-control' => 'no-cache',
  'accept' => 'application/json, text/plain, */*',
  'origin' => 'http://localhost:8080',
  'user-agent' => 'Mozilla/5.0 (iPhone; CPU iPhone OS 11_0 like Mac OS X) AppleWebKit/604.1.38 (KHTML, like Gecko) Version/11.0 Mobile/15A372 Safari/604.1',
  'token' => '23964fe27253b3319378948bdd7bef79',
  'referer' => 'http://localhost:8080/user?plan=private',
  'accept-encoding' => 'gzip, deflate',
  'accept-language' => 'zh-CN,zh;q=0.9,en;q=0.8',
  'content-type' => '',
  'content-length' => '',
)
[ info ] [ PARAM ] array (
  'version' => 'v1',
)
[ info ] [ DB ] INIT mysql
[ sql ] [ DB ] CONNECT:[ UseTime:0.000249s ] mysql:host=127.0.0.1;dbname=group_buy_shop;charset=utf8
[ sql ] [ SQL ] SHOW COLUMNS FROM `gb_user_token` [ RunTime:0.000605s ]
[ sql ] [ SQL ] SELECT * FROM `gb_user_token` WHERE  `data_state` = 1  AND `token` = '23964fe27253b3319378948bdd7bef79' LIMIT 1 [ RunTime:0.000301s ]
[ sql ] [ SQL ] SHOW COLUMNS FROM `gb_user` [ RunTime:0.000668s ]
[ sql ] [ SQL ] SELECT `nickname`,`avatar`,`mobile`,`email` FROM `gb_user` WHERE  `data_state` = 1  AND `id` = 2 LIMIT 1 [ RunTime:0.000431s ]
---------------------------------------------------------------
[2019-04-25T20:14:49+08:00] 192.168.211.1 OPTIONS www.fool-gb-shop.com/api/v1/user
[运行时间：0.004201s] [吞吐率：238.04req/s] [内存消耗：437.05kb] [文件加载：44]
[ info ] [ LANG ] /data/group_shop/thinkphp/lang/zh-cn.php
---------------------------------------------------------------
[2019-04-25T20:14:49+08:00] 192.168.211.1 GET www.fool-gb-shop.com/api/v1/user
[运行时间：0.015503s] [吞吐率：64.50req/s] [内存消耗：1,221.02kb] [文件加载：83]
[ info ] [ LANG ] /data/group_shop/thinkphp/lang/zh-cn.php
[ info ] [ ROUTE ] array (
  'rule' => 'api/<version>.user',
  'route' => 'api/:version.User/read',
  'option' => 
  array (
    'merge_rule_regex' => false,
    'complete_match' => true,
  ),
  'var' => 
  array (
    'version' => 'v1',
  ),
)
[ info ] [ HEADER ] array (
  'host' => 'www.fool-gb-shop.com',
  'connection' => 'keep-alive',
  'pragma' => 'no-cache',
  'cache-control' => 'no-cache',
  'accept' => 'application/json, text/plain, */*',
  'origin' => 'http://localhost:8080',
  'user-agent' => 'Mozilla/5.0 (iPhone; CPU iPhone OS 11_0 like Mac OS X) AppleWebKit/604.1.38 (KHTML, like Gecko) Version/11.0 Mobile/15A372 Safari/604.1',
  'token' => '23964fe27253b3319378948bdd7bef79',
  'referer' => 'http://localhost:8080/user?plan=private',
  'accept-encoding' => 'gzip, deflate',
  'accept-language' => 'zh-CN,zh;q=0.9,en;q=0.8',
  'content-type' => '',
  'content-length' => '',
)
[ info ] [ PARAM ] array (
  'version' => 'v1',
)
[ info ] [ DB ] INIT mysql
[ sql ] [ DB ] CONNECT:[ UseTime:0.000449s ] mysql:host=127.0.0.1;dbname=group_buy_shop;charset=utf8
[ sql ] [ SQL ] SHOW COLUMNS FROM `gb_user_token` [ RunTime:0.001046s ]
[ sql ] [ SQL ] SELECT * FROM `gb_user_token` WHERE  `data_state` = 1  AND `token` = '23964fe27253b3319378948bdd7bef79' LIMIT 1 [ RunTime:0.000729s ]
[ sql ] [ SQL ] SHOW COLUMNS FROM `gb_user` [ RunTime:0.000655s ]
[ sql ] [ SQL ] SELECT `nickname`,`avatar`,`mobile`,`email` FROM `gb_user` WHERE  `data_state` = 1  AND `id` = 2 LIMIT 1 [ RunTime:0.000299s ]
---------------------------------------------------------------
[2019-04-25T20:15:01+08:00] 192.168.211.1 OPTIONS www.fool-gb-shop.com/api/v1/user
[运行时间：0.004523s] [吞吐率：221.09req/s] [内存消耗：437.05kb] [文件加载：44]
[ info ] [ LANG ] /data/group_shop/thinkphp/lang/zh-cn.php
---------------------------------------------------------------
[2019-04-25T20:15:01+08:00] 192.168.211.1 GET www.fool-gb-shop.com/api/v1/user
[运行时间：0.015265s] [吞吐率：65.51req/s] [内存消耗：1,221.02kb] [文件加载：83]
[ info ] [ LANG ] /data/group_shop/thinkphp/lang/zh-cn.php
[ info ] [ ROUTE ] array (
  'rule' => 'api/<version>.user',
  'route' => 'api/:version.User/read',
  'option' => 
  array (
    'merge_rule_regex' => false,
    'complete_match' => true,
  ),
  'var' => 
  array (
    'version' => 'v1',
  ),
)
[ info ] [ HEADER ] array (
  'host' => 'www.fool-gb-shop.com',
  'connection' => 'keep-alive',
  'pragma' => 'no-cache',
  'cache-control' => 'no-cache',
  'accept' => 'application/json, text/plain, */*',
  'origin' => 'http://localhost:8080',
  'user-agent' => 'Mozilla/5.0 (iPhone; CPU iPhone OS 11_0 like Mac OS X) AppleWebKit/604.1.38 (KHTML, like Gecko) Version/11.0 Mobile/15A372 Safari/604.1',
  'token' => '23964fe27253b3319378948bdd7bef79',
  'referer' => 'http://localhost:8080/user?plan=private',
  'accept-encoding' => 'gzip, deflate',
  'accept-language' => 'zh-CN,zh;q=0.9,en;q=0.8',
  'content-type' => '',
  'content-length' => '',
)
[ info ] [ PARAM ] array (
  'version' => 'v1',
)
[ info ] [ DB ] INIT mysql
[ sql ] [ DB ] CONNECT:[ UseTime:0.000482s ] mysql:host=127.0.0.1;dbname=group_buy_shop;charset=utf8
[ sql ] [ SQL ] SHOW COLUMNS FROM `gb_user_token` [ RunTime:0.000895s ]
[ sql ] [ SQL ] SELECT * FROM `gb_user_token` WHERE  `data_state` = 1  AND `token` = '23964fe27253b3319378948bdd7bef79' LIMIT 1 [ RunTime:0.000499s ]
[ sql ] [ SQL ] SHOW COLUMNS FROM `gb_user` [ RunTime:0.000699s ]
[ sql ] [ SQL ] SELECT `nickname`,`avatar`,`mobile`,`email` FROM `gb_user` WHERE  `data_state` = 1  AND `id` = 2 LIMIT 1 [ RunTime:0.000435s ]
---------------------------------------------------------------
[2019-04-25T20:15:06+08:00] 192.168.211.1 OPTIONS www.fool-gb-shop.com/api/v1/user
[运行时间：0.005673s] [吞吐率：176.28req/s] [内存消耗：437.05kb] [文件加载：44]
[ info ] [ LANG ] /data/group_shop/thinkphp/lang/zh-cn.php
---------------------------------------------------------------
[2019-04-25T20:15:06+08:00] 192.168.211.1 GET www.fool-gb-shop.com/api/v1/user
[运行时间：0.022639s] [吞吐率：44.17req/s] [内存消耗：1,221.02kb] [文件加载：83]
[ info ] [ LANG ] /data/group_shop/thinkphp/lang/zh-cn.php
[ info ] [ ROUTE ] array (
  'rule' => 'api/<version>.user',
  'route' => 'api/:version.User/read',
  'option' => 
  array (
    'merge_rule_regex' => false,
    'complete_match' => true,
  ),
  'var' => 
  array (
    'version' => 'v1',
  ),
)
[ info ] [ HEADER ] array (
  'host' => 'www.fool-gb-shop.com',
  'connection' => 'keep-alive',
  'pragma' => 'no-cache',
  'cache-control' => 'no-cache',
  'accept' => 'application/json, text/plain, */*',
  'origin' => 'http://localhost:8080',
  'user-agent' => 'Mozilla/5.0 (iPhone; CPU iPhone OS 11_0 like Mac OS X) AppleWebKit/604.1.38 (KHTML, like Gecko) Version/11.0 Mobile/15A372 Safari/604.1',
  'token' => '23964fe27253b3319378948bdd7bef79',
  'referer' => 'http://localhost:8080/user?plan=private',
  'accept-encoding' => 'gzip, deflate',
  'accept-language' => 'zh-CN,zh;q=0.9,en;q=0.8',
  'content-type' => '',
  'content-length' => '',
)
[ info ] [ PARAM ] array (
  'version' => 'v1',
)
[ info ] [ DB ] INIT mysql
[ sql ] [ DB ] CONNECT:[ UseTime:0.000602s ] mysql:host=127.0.0.1;dbname=group_buy_shop;charset=utf8
[ sql ] [ SQL ] SHOW COLUMNS FROM `gb_user_token` [ RunTime:0.001005s ]
[ sql ] [ SQL ] SELECT * FROM `gb_user_token` WHERE  `data_state` = 1  AND `token` = '23964fe27253b3319378948bdd7bef79' LIMIT 1 [ RunTime:0.000804s ]
[ sql ] [ SQL ] SHOW COLUMNS FROM `gb_user` [ RunTime:0.000760s ]
[ sql ] [ SQL ] SELECT `nickname`,`avatar`,`mobile`,`email` FROM `gb_user` WHERE  `data_state` = 1  AND `id` = 2 LIMIT 1 [ RunTime:0.000420s ]
---------------------------------------------------------------
[2019-04-25T20:15:07+08:00] 192.168.211.1 OPTIONS www.fool-gb-shop.com/api/v1/user
[运行时间：0.004047s] [吞吐率：247.10req/s] [内存消耗：437.05kb] [文件加载：44]
[ info ] [ LANG ] /data/group_shop/thinkphp/lang/zh-cn.php
---------------------------------------------------------------
[2019-04-25T20:15:07+08:00] 192.168.211.1 GET www.fool-gb-shop.com/api/v1/user
[运行时间：0.019354s] [吞吐率：51.67req/s] [内存消耗：1,221.02kb] [文件加载：83]
[ info ] [ LANG ] /data/group_shop/thinkphp/lang/zh-cn.php
[ info ] [ ROUTE ] array (
  'rule' => 'api/<version>.user',
  'route' => 'api/:version.User/read',
  'option' => 
  array (
    'merge_rule_regex' => false,
    'complete_match' => true,
  ),
  'var' => 
  array (
    'version' => 'v1',
  ),
)
[ info ] [ HEADER ] array (
  'host' => 'www.fool-gb-shop.com',
  'connection' => 'keep-alive',
  'pragma' => 'no-cache',
  'cache-control' => 'no-cache',
  'accept' => 'application/json, text/plain, */*',
  'origin' => 'http://localhost:8080',
  'user-agent' => 'Mozilla/5.0 (iPhone; CPU iPhone OS 11_0 like Mac OS X) AppleWebKit/604.1.38 (KHTML, like Gecko) Version/11.0 Mobile/15A372 Safari/604.1',
  'token' => '23964fe27253b3319378948bdd7bef79',
  'referer' => 'http://localhost:8080/user?plan=private',
  'accept-encoding' => 'gzip, deflate',
  'accept-language' => 'zh-CN,zh;q=0.9,en;q=0.8',
  'content-type' => '',
  'content-length' => '',
)
[ info ] [ PARAM ] array (
  'version' => 'v1',
)
[ info ] [ DB ] INIT mysql
[ sql ] [ DB ] CONNECT:[ UseTime:0.000354s ] mysql:host=127.0.0.1;dbname=group_buy_shop;charset=utf8
[ sql ] [ SQL ] SHOW COLUMNS FROM `gb_user_token` [ RunTime:0.000653s ]
[ sql ] [ SQL ] SELECT * FROM `gb_user_token` WHERE  `data_state` = 1  AND `token` = '23964fe27253b3319378948bdd7bef79' LIMIT 1 [ RunTime:0.000376s ]
[ sql ] [ SQL ] SHOW COLUMNS FROM `gb_user` [ RunTime:0.000632s ]
[ sql ] [ SQL ] SELECT `nickname`,`avatar`,`mobile`,`email` FROM `gb_user` WHERE  `data_state` = 1  AND `id` = 2 LIMIT 1 [ RunTime:0.000296s ]
---------------------------------------------------------------
[2019-04-25T20:16:01+08:00] 192.168.211.1 OPTIONS www.fool-gb-shop.com/api/v1/user
[运行时间：0.006619s] [吞吐率：151.08req/s] [内存消耗：437.05kb] [文件加载：44]
[ info ] [ LANG ] /data/group_shop/thinkphp/lang/zh-cn.php
---------------------------------------------------------------
[2019-04-25T20:16:01+08:00] 192.168.211.1 GET www.fool-gb-shop.com/api/v1/user
[运行时间：0.030156s] [吞吐率：33.16req/s] [内存消耗：1,221.02kb] [文件加载：83]
[ info ] [ LANG ] /data/group_shop/thinkphp/lang/zh-cn.php
[ info ] [ ROUTE ] array (
  'rule' => 'api/<version>.user',
  'route' => 'api/:version.User/read',
  'option' => 
  array (
    'merge_rule_regex' => false,
    'complete_match' => true,
  ),
  'var' => 
  array (
    'version' => 'v1',
  ),
)
[ info ] [ HEADER ] array (
  'host' => 'www.fool-gb-shop.com',
  'connection' => 'keep-alive',
  'pragma' => 'no-cache',
  'cache-control' => 'no-cache',
  'accept' => 'application/json, text/plain, */*',
  'origin' => 'http://localhost:8080',
  'user-agent' => 'Mozilla/5.0 (iPhone; CPU iPhone OS 11_0 like Mac OS X) AppleWebKit/604.1.38 (KHTML, like Gecko) Version/11.0 Mobile/15A372 Safari/604.1',
  'token' => '23964fe27253b3319378948bdd7bef79',
  'referer' => 'http://localhost:8080/user?plan=private',
  'accept-encoding' => 'gzip, deflate',
  'accept-language' => 'zh-CN,zh;q=0.9,en;q=0.8',
  'content-type' => '',
  'content-length' => '',
)
[ info ] [ PARAM ] array (
  'version' => 'v1',
)
[ info ] [ DB ] INIT mysql
[ sql ] [ DB ] CONNECT:[ UseTime:0.000707s ] mysql:host=127.0.0.1;dbname=group_buy_shop;charset=utf8
[ sql ] [ SQL ] SHOW COLUMNS FROM `gb_user_token` [ RunTime:0.002647s ]
[ sql ] [ SQL ] SELECT * FROM `gb_user_token` WHERE  `data_state` = 1  AND `token` = '23964fe27253b3319378948bdd7bef79' LIMIT 1 [ RunTime:0.001364s ]
[ sql ] [ SQL ] SHOW COLUMNS FROM `gb_user` [ RunTime:0.000846s ]
[ sql ] [ SQL ] SELECT `nickname`,`avatar`,`mobile`,`email` FROM `gb_user` WHERE  `data_state` = 1  AND `id` = 2 LIMIT 1 [ RunTime:0.000811s ]
---------------------------------------------------------------
[2019-04-25T20:18:47+08:00] 192.168.211.1 OPTIONS www.fool-gb-shop.com/api/v1/user
[运行时间：0.007001s] [吞吐率：142.83req/s] [内存消耗：437.05kb] [文件加载：44]
[ info ] [ LANG ] /data/group_shop/thinkphp/lang/zh-cn.php
---------------------------------------------------------------
[2019-04-25T20:18:47+08:00] 192.168.211.1 GET www.fool-gb-shop.com/api/v1/user
[运行时间：0.020379s] [吞吐率：49.07req/s] [内存消耗：1,221.02kb] [文件加载：83]
[ info ] [ LANG ] /data/group_shop/thinkphp/lang/zh-cn.php
[ info ] [ ROUTE ] array (
  'rule' => 'api/<version>.user',
  'route' => 'api/:version.User/read',
  'option' => 
  array (
    'merge_rule_regex' => false,
    'complete_match' => true,
  ),
  'var' => 
  array (
    'version' => 'v1',
  ),
)
[ info ] [ HEADER ] array (
  'host' => 'www.fool-gb-shop.com',
  'connection' => 'keep-alive',
  'pragma' => 'no-cache',
  'cache-control' => 'no-cache',
  'accept' => 'application/json, text/plain, */*',
  'origin' => 'http://localhost:8080',
  'user-agent' => 'Mozilla/5.0 (iPhone; CPU iPhone OS 11_0 like Mac OS X) AppleWebKit/604.1.38 (KHTML, like Gecko) Version/11.0 Mobile/15A372 Safari/604.1',
  'token' => '23964fe27253b3319378948bdd7bef79',
  'referer' => 'http://localhost:8080/user?plan=private',
  'accept-encoding' => 'gzip, deflate',
  'accept-language' => 'zh-CN,zh;q=0.9,en;q=0.8',
  'content-type' => '',
  'content-length' => '',
)
[ info ] [ PARAM ] array (
  'version' => 'v1',
)
[ info ] [ DB ] INIT mysql
[ sql ] [ DB ] CONNECT:[ UseTime:0.000511s ] mysql:host=127.0.0.1;dbname=group_buy_shop;charset=utf8
[ sql ] [ SQL ] SHOW COLUMNS FROM `gb_user_token` [ RunTime:0.000777s ]
[ sql ] [ SQL ] SELECT * FROM `gb_user_token` WHERE  `data_state` = 1  AND `token` = '23964fe27253b3319378948bdd7bef79' LIMIT 1 [ RunTime:0.000727s ]
[ sql ] [ SQL ] SHOW COLUMNS FROM `gb_user` [ RunTime:0.000583s ]
[ sql ] [ SQL ] SELECT `nickname`,`avatar`,`mobile`,`email` FROM `gb_user` WHERE  `data_state` = 1  AND `id` = 2 LIMIT 1 [ RunTime:0.000368s ]
---------------------------------------------------------------
[2019-04-25T20:18:53+08:00] 192.168.211.1 OPTIONS www.fool-gb-shop.com/api/v1/user
[运行时间：0.004704s] [吞吐率：212.59req/s] [内存消耗：437.05kb] [文件加载：44]
[ info ] [ LANG ] /data/group_shop/thinkphp/lang/zh-cn.php
---------------------------------------------------------------
[2019-04-25T20:18:53+08:00] 192.168.211.1 GET www.fool-gb-shop.com/api/v1/user
[运行时间：0.019088s] [吞吐率：52.39req/s] [内存消耗：1,221.02kb] [文件加载：83]
[ info ] [ LANG ] /data/group_shop/thinkphp/lang/zh-cn.php
[ info ] [ ROUTE ] array (
  'rule' => 'api/<version>.user',
  'route' => 'api/:version.User/read',
  'option' => 
  array (
    'merge_rule_regex' => false,
    'complete_match' => true,
  ),
  'var' => 
  array (
    'version' => 'v1',
  ),
)
[ info ] [ HEADER ] array (
  'host' => 'www.fool-gb-shop.com',
  'connection' => 'keep-alive',
  'pragma' => 'no-cache',
  'cache-control' => 'no-cache',
  'accept' => 'application/json, text/plain, */*',
  'origin' => 'http://localhost:8080',
  'user-agent' => 'Mozilla/5.0 (iPhone; CPU iPhone OS 11_0 like Mac OS X) AppleWebKit/604.1.38 (KHTML, like Gecko) Version/11.0 Mobile/15A372 Safari/604.1',
  'token' => '23964fe27253b3319378948bdd7bef79',
  'referer' => 'http://localhost:8080/user?plan=private',
  'accept-encoding' => 'gzip, deflate',
  'accept-language' => 'zh-CN,zh;q=0.9,en;q=0.8',
  'content-type' => '',
  'content-length' => '',
)
[ info ] [ PARAM ] array (
  'version' => 'v1',
)
[ info ] [ DB ] INIT mysql
[ sql ] [ DB ] CONNECT:[ UseTime:0.000471s ] mysql:host=127.0.0.1;dbname=group_buy_shop;charset=utf8
[ sql ] [ SQL ] SHOW COLUMNS FROM `gb_user_token` [ RunTime:0.001548s ]
[ sql ] [ SQL ] SELECT * FROM `gb_user_token` WHERE  `data_state` = 1  AND `token` = '23964fe27253b3319378948bdd7bef79' LIMIT 1 [ RunTime:0.001171s ]
[ sql ] [ SQL ] SHOW COLUMNS FROM `gb_user` [ RunTime:0.000666s ]
[ sql ] [ SQL ] SELECT `nickname`,`avatar`,`mobile`,`email` FROM `gb_user` WHERE  `data_state` = 1  AND `id` = 2 LIMIT 1 [ RunTime:0.000327s ]
